CHECK_1

LIST VIEW:::
######################
ELEMENT_1:20
ELEMENT_2:12
ELEMENT_3:6
ELEMENT_4:8
ELEMENT_5:9
ELEMENT_6:5
ELEMENT_7:13
ELEMENT_8:57
ELEMENT_9:8
ELEMENT_10:10
CHECK_2

LIST VIEW:::
######################
ELEMENT_1:12
ELEMENT_2:6
ELEMENT_3:8
ELEMENT_4:9
ELEMENT_5:5
ELEMENT_6:13
ELEMENT_7:57
ELEMENT_8:8
ELEMENT_9:10
CHECK_3

LIST VIEW:::
######################
ELEMENT_1:40
ELEMENT_2:12
ELEMENT_3:6
ELEMENT_4:8
ELEMENT_5:9
ELEMENT_6:5
ELEMENT_7:13
ELEMENT_8:57
ELEMENT_9:8
ELEMENT_10:10
CHECK_4

LIST VIEW:::
######################
ELEMENT_1:40
ELEMENT_2:12
ELEMENT_3:6
ELEMENT_4:8
ELEMENT_5:78
ELEMENT_6:9
ELEMENT_7:5
ELEMENT_8:13
ELEMENT_9:57
ELEMENT_10:8
ELEMENT_11:10
CHECK_5

LIST VIEW:::
######################
ELEMENT_1:40
ELEMENT_2:12
ELEMENT_3:8
ELEMENT_4:78
ELEMENT_5:9
ELEMENT_6:5
ELEMENT_7:13
ELEMENT_8:57
ELEMENT_9:8
ELEMENT_10:10
CHECK_6
LENGTH:10 	 SUM:240
CHECK_7

LIST AFTER BUBBLESORT:::
##############################

LIST VIEW:::
######################
ELEMENT_1:5
ELEMENT_2:8
ELEMENT_3:8
ELEMENT_4:9
ELEMENT_5:10
ELEMENT_6:12
ELEMENT_7:13
ELEMENT_8:40
ELEMENT_9:57
ELEMENT_10:78

CHECK_8
ELEMENT_6:12

CHECK_9

LIST VIEW:::
######################
ELEMENT_1:78
ELEMENT_2:57
ELEMENT_3:40
ELEMENT_4:13
ELEMENT_5:12
ELEMENT_6:10
ELEMENT_7:9
ELEMENT_8:8
ELEMENT_9:8
ELEMENT_10:5
